<?xml version="1.0" encoding="UTF-8"?>
<testsuite name="com.google.test.SolutionTest" tests="1" skipped="0" failures="1" errors="0" timestamp="2021-11-09T08:07:28" hostname="A-Fucking-MacBook-Pro.local" time="0.023">
  <properties/>
  <testcase name="testSolution()" classname="com.google.test.SolutionTest" time="0.023">
    <failure message="java.lang.StackOverflowError" type="java.lang.StackOverflowError">java.lang.StackOverflowError
	at com.google.leetcode.Solution.isValid(Solution.java:42)
	at com.google.leetcode.Solution.solve(Solution.java:24)
	at com.google.leetcode.Solution.solve(Solution.java:26)
	at com.google.leetcode.Solution.solve(Solution.java:26)
	at com.google.leetcode.Solution.solve(Solution.java:26)
	at com.google.leetcode.Solution.solve(Solution.java:26)
	at com.google.leetcode.Solution.solve(Solution.java:26)
	at com.google.leetcode.Solution.solve(Solution.java:26)
	at com.google.leetcode.Solution.solve(Solution.java:26)
	at com.google.leetcode.Solution.solve(Solution.java:26)
	at com.google.leetcode.Solution.solve(Solution.java:26)
	at com.google.leetcode.Solution.solve(Solution.java:26)
	at com.google.leetcode.Solution.solve(Solution.java:26)
	at com.google.leetcode.Solution.solve(Solution.java:26)
	at com.google.leetcode.Solution.solve(Solution.java:26)
	at com.google.leetcode.Solution.solve(Solution.java:26)
	at com.google.leetcode.Solution.solve(Solution.java:26)
	at com.google.leetcode.Solution.solve(Solution.java:26)
	at com.google.leetcode.Solution.solve(Solution.java:26)
	at com.google.leetcode.Solution.solve(Solution.java:26)
	at com.google.leetcode.Solution.solve(Solution.java:26)
	at com.google.leetcode.Solution.solve(Solution.java:26)
	at com.google.leetcode.Solution.solve(Solution.java:26)
	at com.google.leetcode.Solution.solve(Solution.java:26)
	at com.google.leetcode.Solution.solve(Solution.java:26)
	at com.google.leetcode.Solution.solve(Solution.java:26)
	at com.google.leetcode.Solution.solve(Solution.java:26)
	at com.google.leetcode.Solution.solve(Solution.java:26)
	at com.google.leetcode.Solution.solve(Solution.java:26)
	at com.google.leetcode.Solution.solve(Solution.java:26)
	at com.google.leetcode.Solution.solve(Solution.java:26)
	at com.google.leetcode.Solution.solve(Solution.java:26)
	at com.google.leetcode.Solution.solve(Solution.java:26)
	at com.google.leetcode.Solution.solve(Solution.java:26)
	at com.google.leetcode.Solution.solve(Solution.java:26)
	at com.google.leetcode.Solution.solve(Solution.java:26)
	at com.google.leetcode.Solution.solve(Solution.java:26)
	at com.google.leetcode.Solution.solve(Solution.java:26)
	at com.google.leetcode.Solution.solve(Solution.java:26)
	at com.google.leetcode.Solution.solve(Solution.java:26)
	at com.google.leetcode.Solution.solve(Solution.java:26)
	at com.google.leetcode.Solution.solve(Solution.java:26)
	at com.google.leetcode.Solution.solve(Solution.java:26)
	at com.google.leetcode.Solution.solve(Solution.java:26)
	at com.google.leetcode.Solution.solve(Solution.java:26)
	at com.google.leetcode.Solution.solve(Solution.java:26)
	at com.google.leetcode.Solution.solve(Solution.java:26)
	at com.google.leetcode.Solution.solve(Solution.java:26)
	at com.google.leetcode.Solution.solve(Solution.java:26)
	at com.google.leetcode.Solution.solve(Solution.java:26)
	at com.google.leetcode.Solution.solve(Solution.java:26)
	at com.google.leetcode.Solution.solve(Solution.java:26)
	at com.google.leetcode.Solution.solve(Solution.java:26)
	at com.google.leetcode.Solution.solve(Solution.java:26)
	at com.google.leetcode.Solution.solve(Solution.java:26)
	at com.google.leetcode.Solution.solve(Solution.java:26)
	at com.google.leetcode.Solution.solve(Solution.java:26)
	at com.google.leetcode.Solution.solve(Solution.java:26)
	at com.google.leetcode.Solution.solve(Solution.java:26)
	at com.google.leetcode.Solution.solve(Solution.java:26)
	at com.google.leetcode.Solution.solve(Solution.java:26)
	at com.google.leetcode.Solution.solve(Solution.java:26)
	at com.google.leetcode.Solution.solve(Solution.java:26)
	at com.google.leetcode.Solution.solve(Solution.java:26)
	at com.google.leetcode.Solution.solve(Solution.java:26)
	at com.google.leetcode.Solution.solve(Solution.java:26)
	at com.google.leetcode.Solution.solve(Solution.java:26)
	at com.google.leetcode.Solution.solve(Solution.java:26)
	at com.google.leetcode.Solution.solve(Solution.java:26)
	at com.google.leetcode.Solution.solve(Solution.java:26)
	at com.google.leetcode.Solution.solve(Solution.java:26)
	at com.google.leetcode.Solution.solve(Solution.java:26)
	at com.google.leetcode.Solution.solve(Solution.java:26)
	at com.google.leetcode.Solution.solve(Solution.java:26)
	at com.google.leetcode.Solution.solve(Solution.java:26)
	at com.google.leetcode.Solution.solve(Solution.java:26)
	at com.google.leetcode.Solution.solve(Solution.java:26)
	at com.google.leetcode.Solution.solve(Solution.java:26)
	at com.google.leetcode.Solution.solve(Solution.java:26)
	at com.google.leetcode.Solution.solve(Solution.java:26)
	at com.google.leetcode.Solution.solve(Solution.java:26)
	at com.google.leetcode.Solution.solve(Solution.java:26)
	at com.google.leetcode.Solution.solve(Solution.java:26)
	at com.google.leetcode.Solution.solve(Solution.java:26)
	at com.google.leetcode.Solution.solve(Solution.java:26)
	at com.google.leetcode.Solution.solve(Solution.java:26)
	at com.google.leetcode.Solution.solve(Solution.java:26)
	at com.google.leetcode.Solution.solve(Solution.java:26)
	at com.google.leetcode.Solution.solve(Solution.java:26)
	at com.google.leetcode.Solution.solve(Solution.java:26)
	at com.google.leetcode.Solution.solve(Solution.java:26)
	at com.google.leetcode.Solution.solve(Solution.java:26)
	at com.google.leetcode.Solution.solve(Solution.java:26)
	at com.google.leetcode.Solution.solve(Solution.java:26)
	at com.google.leetcode.Solution.solve(Solution.java:26)
	at com.google.leetcode.Solution.solve(Solution.java:26)
	at com.google.leetcode.Solution.solve(Solution.java:26)
	at com.google.leetcode.Solution.solve(Solution.java:26)
	at com.google.leetcode.Solution.solve(Solution.java:26)
	at com.google.leetcode.Solution.solve(Solution.java:26)
	at com.google.leetcode.Solution.solve(Solution.java:26)
	at com.google.leetcode.Solution.solve(Solution.java:26)
	at com.google.leetcode.Solution.solve(Solution.java:26)
	at com.google.leetcode.Solution.solve(Solution.java:26)
	at com.google.leetcode.Solution.solve(Solution.java:26)
	at com.google.leetcode.Solution.solve(Solution.java:26)
	at com.google.leetcode.Solution.solve(Solution.java:26)
	at com.google.leetcode.Solution.solve(Solution.java:26)
	at com.google.leetcode.Solution.solve(Solution.java:26)
	at com.google.leetcode.Solution.solve(Solution.java:26)
	at com.google.leetcode.Solution.solve(Solution.java:26)
	at com.google.leetcode.Solution.solve(Solution.java:26)
	at com.google.leetcode.Solution.solve(Solution.java:26)
	at com.google.leetcode.Solution.solve(Solution.java:26)
	at com.google.leetcode.Solution.solve(Solution.java:26)
	at com.google.leetcode.Solution.solve(Solution.java:26)
	at com.google.leetcode.Solution.solve(Solution.java:26)
	at com.google.leetcode.Solution.solve(Solution.java:26)
	at com.google.leetcode.Solution.solve(Solution.java:26)
	at com.google.leetcode.Solution.solve(Solution.java:26)
	at com.google.leetcode.Solution.solve(Solution.java:26)
	at com.google.leetcode.Solution.solve(Solution.java:26)
	at com.google.leetcode.Solution.solve(Solution.java:26)
	at com.google.leetcode.Solution.solve(Solution.java:26)
	at com.google.leetcode.Solution.solve(Solution.java:26)
	at com.google.leetcode.Solution.solve(Solution.java:26)
	at com.google.leetcode.Solution.solve(Solution.java:26)
	at com.google.leetcode.Solution.solve(Solution.java:26)
	at com.google.leetcode.Solution.solve(Solution.java:26)
	at com.google.leetcode.Solution.solve(Solution.java:26)
	at com.google.leetcode.Solution.solve(Solution.java:26)
	at com.google.leetcode.Solution.solve(Solution.java:26)
	at com.google.leetcode.Solution.solve(Solution.java:26)
	at com.google.leetcode.Solution.solve(Solution.java:26)
	at com.google.leetcode.Solution.solve(Solution.java:26)
	at com.google.leetcode.Solution.solve(Solution.java:26)
	at com.google.leetcode.Solution.solve(Solution.java:26)
	at com.google.leetcode.Solution.solve(Solution.java:26)
	at com.google.leetcode.Solution.solve(Solution.java:26)
	at com.google.leetcode.Solution.solve(Solution.java:26)
	at com.google.leetcode.Solution.solve(Solution.java:26)
	at com.google.leetcode.Solution.solve(Solution.java:26)
	at com.google.leetcode.Solution.solve(Solution.java:26)
	at com.google.leetcode.Solution.solve(Solution.java:26)
	at com.google.leetcode.Solution.solve(Solution.java:26)
	at com.google.leetcode.Solution.solve(Solution.java:26)
	at com.google.leetcode.Solution.solve(Solution.java:26)
	at com.google.leetcode.Solution.solve(Solution.java:26)
	at com.google.leetcode.Solution.solve(Solution.java:26)
	at com.google.leetcode.Solution.solve(Solution.java:26)
	at com.google.leetcode.Solution.solve(Solution.java:26)
	at com.google.leetcode.Solution.solve(Solution.java:26)
	at com.google.leetcode.Solution.solve(Solution.java:26)
	at com.google.leetcode.Solution.solve(Solution.java:26)
	at com.google.leetcode.Solution.solve(Solution.java:26)
	at com.google.leetcode.Solution.solve(Solution.java:26)
	at com.google.leetcode.Solution.solve(Solution.java:26)
	at com.google.leetcode.Solution.solve(Solution.java:26)
	at com.google.leetcode.Solution.solve(Solution.java:26)
	at com.google.leetcode.Solution.solve(Solution.java:26)
	at com.google.leetcode.Solution.solve(Solution.java:26)
	at com.google.leetcode.Solution.solve(Solution.java:26)
	at com.google.leetcode.Solution.solve(Solution.java:26)
	at com.google.leetcode.Solution.solve(Solution.java:26)
	at com.google.leetcode.Solution.solve(Solution.java:26)
	at com.google.leetcode.Solution.solve(Solution.java:26)
	at com.google.leetcode.Solution.solve(Solution.java:26)
	at com.google.leetcode.Solution.solve(Solution.java:26)
	at com.google.leetcode.Solution.solve(Solution.java:26)
	at com.google.leetcode.Solution.solve(Solution.java:26)
	at com.google.leetcode.Solution.solve(Solution.java:26)
	at com.google.leetcode.Solution.solve(Solution.java:26)
	at com.google.leetcode.Solution.solve(Solution.java:26)
	at com.google.leetcode.Solution.solve(Solution.java:26)
	at com.google.leetcode.Solution.solve(Solution.java:26)
	at com.google.leetcode.Solution.solve(Solution.java:26)
	at com.google.leetcode.Solution.solve(Solution.java:26)
	at com.google.leetcode.Solution.solve(Solution.java:26)
	at com.google.leetcode.Solution.solve(Solution.java:26)
	at com.google.leetcode.Solution.solve(Solution.java:26)
	at com.google.leetcode.Solution.solve(Solution.java:26)
	at com.google.leetcode.Solution.solve(Solution.java:26)
	at com.google.leetcode.Solution.solve(Solution.java:26)
	at com.google.leetcode.Solution.solve(Solution.java:26)
	at com.google.leetcode.Solution.solve(Solution.java:26)
	at com.google.leetcode.Solution.solve(Solution.java:26)
	at com.google.leetcode.Solution.solve(Solution.java:26)
	at com.google.leetcode.Solution.solve(Solution.java:26)
	at com.google.leetcode.Solution.solve(Solution.java:26)
	at com.google.leetcode.Solution.solve(Solution.java:26)
	at com.google.leetcode.Solution.solve(Solution.java:26)
	at com.google.leetcode.Solution.solve(Solution.java:26)
	at com.google.leetcode.Solution.solve(Solution.java:26)
	at com.google.leetcode.Solution.solve(Solution.java:26)
	at com.google.leetcode.Solution.solve(Solution.java:26)
	at com.google.leetcode.Solution.solve(Solution.java:26)
	at com.google.leetcode.Solution.solve(Solution.java:26)
	at com.google.leetcode.Solution.solve(Solution.java:26)
	at com.google.leetcode.Solution.solve(Solution.java:26)
	at com.google.leetcode.Solution.solve(Solution.java:26)
	at com.google.leetcode.Solution.solve(Solution.java:26)
	at com.google.leetcode.Solution.solve(Solution.java:26)
	at com.google.leetcode.Solution.solve(Solution.java:26)
	at com.google.leetcode.Solution.solve(Solution.java:26)
	at com.google.leetcode.Solution.solve(Solution.java:26)
	at com.google.leetcode.Solution.solve(Solution.java:26)
	at com.google.leetcode.Solution.solve(Solution.java:26)
	at com.google.leetcode.Solution.solve(Solution.java:26)
	at com.google.leetcode.Solution.solve(Solution.java:26)
	at com.google.leetcode.Solution.solve(Solution.java:26)
	at com.google.leetcode.Solution.solve(Solution.java:26)
	at com.google.leetcode.Solution.solve(Solution.java:26)
	at com.google.leetcode.Solution.solve(Solution.java:26)
	at com.google.leetcode.Solution.solve(Solution.java:26)
	at com.google.leetcode.Solution.solve(Solution.java:26)
	at com.google.leetcode.Solution.solve(Solution.java:26)
	at com.google.leetcode.Solution.solve(Solution.java:26)
	at com.google.leetcode.Solution.solve(Solution.java:26)
	at com.google.leetcode.Solution.solve(Solution.java:26)
	at com.google.leetcode.Solution.solve(Solution.java:26)
	at com.google.leetcode.Solution.solve(Solution.java:26)
	at com.google.leetcode.Solution.solve(Solution.java:26)
	at com.google.leetcode.Solution.solve(Solution.java:26)
	at com.google.leetcode.Solution.solve(Solution.java:26)
	at com.google.leetcode.Solution.solve(Solution.java:26)
	at com.google.leetcode.Solution.solve(Solution.java:26)
	at com.google.leetcode.Solution.solve(Solution.java:26)
	at com.google.leetcode.Solution.solve(Solution.java:26)
	at com.google.leetcode.Solution.solve(Solution.java:26)
	at com.google.leetcode.Solution.solve(Solution.java:26)
	at com.google.leetcode.Solution.solve(Solution.java:26)
	at com.google.leetcode.Solution.solve(Solution.java:26)
	at com.google.leetcode.Solution.solve(Solution.java:26)
	at com.google.leetcode.Solution.solve(Solution.java:26)
	at com.google.leetcode.Solution.solve(Solution.java:26)
	at com.google.leetcode.Solution.solve(Solution.java:26)
	at com.google.leetcode.Solution.solve(Solution.java:26)
	at com.google.leetcode.Solution.solve(Solution.java:26)
	at com.google.leetcode.Solution.solve(Solution.java:26)
	at com.google.leetcode.Solution.solve(Solution.java:26)
	at com.google.leetcode.Solution.solve(Solution.java:26)
	at com.google.leetcode.Solution.solve(Solution.java:26)
	at com.google.leetcode.Solution.solve(Solution.java:26)
	at com.google.leetcode.Solution.solve(Solution.java:26)
	at com.google.leetcode.Solution.solve(Solution.java:26)
	at com.google.leetcode.Solution.solve(Solution.java:26)
	at com.google.leetcode.Solution.solve(Solution.java:26)
	at com.google.leetcode.Solution.solve(Solution.java:26)
	at com.google.leetcode.Solution.solve(Solution.java:26)
	at com.google.leetcode.Solution.solve(Solution.java:26)
	at com.google.leetcode.Solution.solve(Solution.java:26)
	at com.google.leetcode.Solution.solve(Solution.java:26)
	at com.google.leetcode.Solution.solve(Solution.java:26)
	at com.google.leetcode.Solution.solve(Solution.java:26)
	at com.google.leetcode.Solution.solve(Solution.java:26)
	at com.google.leetcode.Solution.solve(Solution.java:26)
	at com.google.leetcode.Solution.solve(Solution.java:26)
	at com.google.leetcode.Solution.solve(Solution.java:26)
	at com.google.leetcode.Solution.solve(Solution.java:26)
	at com.google.leetcode.Solution.solve(Solution.java:26)
	at com.google.leetcode.Solution.solve(Solution.java:26)
	at com.google.leetcode.Solution.solve(Solution.java:26)
	at com.google.leetcode.Solution.solve(Solution.java:26)
	at com.google.leetcode.Solution.solve(Solution.java:26)
	at com.google.leetcode.Solution.solve(Solution.java:26)
	at com.google.leetcode.Solution.solve(Solution.java:26)
	at com.google.leetcode.Solution.solve(Solution.java:26)
	at com.google.leetcode.Solution.solve(Solution.java:26)
	at com.google.leetcode.Solution.solve(Solution.java:26)
	at com.google.leetcode.Solution.solve(Solution.java:26)
	at com.google.leetcode.Solution.solve(Solution.java:26)
	at com.google.leetcode.Solution.solve(Solution.java:26)
	at com.google.leetcode.Solution.solve(Solution.java:26)
	at com.google.leetcode.Solution.solve(Solution.java:26)
	at com.google.leetcode.Solution.solve(Solution.java:26)
	at com.google.leetcode.Solution.solve(Solution.java:26)
	at com.google.leetcode.Solution.solve(Solution.java:26)
	at com.google.leetcode.Solution.solve(Solution.java:26)
	at com.google.leetcode.Solution.solve(Solution.java:26)
	at com.google.leetcode.Solution.solve(Solution.java:26)
	at com.google.leetcode.Solution.solve(Solution.java:26)
	at com.google.leetcode.Solution.solve(Solution.java:26)
	at com.google.leetcode.Solution.solve(Solution.java:26)
	at com.google.leetcode.Solution.solve(Solution.java:26)
	at com.google.leetcode.Solution.solve(Solution.java:26)
	at com.google.leetcode.Solution.solve(Solution.java:26)
	at com.google.leetcode.Solution.solve(Solution.java:26)
	at com.google.leetcode.Solution.solve(Solution.java:26)
	at com.google.leetcode.Solution.solve(Solution.java:26)
	at com.google.leetcode.Solution.solve(Solution.java:26)
	at com.google.leetcode.Solution.solve(Solution.java:26)
	at com.google.leetcode.Solution.solve(Solution.java:26)
	at com.google.leetcode.Solution.solve(Solution.java:26)
	at com.google.leetcode.Solution.solve(Solution.java:26)
	at com.google.leetcode.Solution.solve(Solution.java:26)
	at com.google.leetcode.Solution.solve(Solution.java:26)
	at com.google.leetcode.Solution.solve(Solution.java:26)
	at com.google.leetcode.Solution.solve(Solution.java:26)
	at com.google.leetcode.Solution.solve(Solution.java:26)
	at com.google.leetcode.Solution.solve(Solution.java:26)
	at com.google.leetcode.Solution.solve(Solution.java:26)
	at com.google.leetcode.Solution.solve(Solution.java:26)
	at com.google.leetcode.Solution.solve(Solution.java:26)
	at com.google.leetcode.Solution.solve(Solution.java:26)
	at com.google.leetcode.Solution.solve(Solution.java:26)
	at com.google.leetcode.Solution.solve(Solution.java:26)
	at com.google.leetcode.Solution.solve(Solution.java:26)
	at com.google.leetcode.Solution.solve(Solution.java:26)
	at com.google.leetcode.Solution.solve(Solution.java:26)
	at com.google.leetcode.Solution.solve(Solution.java:26)
	at com.google.leetcode.Solution.solve(Solution.java:26)
	at com.google.leetcode.Solution.solve(Solution.java:26)
	at com.google.leetcode.Solution.solve(Solution.java:26)
	at com.google.leetcode.Solution.solve(Solution.java:26)
	at com.google.leetcode.Solution.solve(Solution.java:26)
	at com.google.leetcode.Solution.solve(Solution.java:26)
	at com.google.leetcode.Solution.solve(Solution.java:26)
	at com.google.leetcode.Solution.solve(Solution.java:26)
	at com.google.leetcode.Solution.solve(Solution.java:26)
	at com.google.leetcode.Solution.solve(Solution.java:26)
	at com.google.leetcode.Solution.solve(Solution.java:26)
	at com.google.leetcode.Solution.solve(Solution.java:26)
	at com.google.leetcode.Solution.solve(Solution.java:26)
	at com.google.leetcode.Solution.solve(Solution.java:26)
	at com.google.leetcode.Solution.solve(Solution.java:26)
	at com.google.leetcode.Solution.solve(Solution.java:26)
	at com.google.leetcode.Solution.solve(Solution.java:26)
	at com.google.leetcode.Solution.solve(Solution.java:26)
	at com.google.leetcode.Solution.solve(Solution.java:26)
	at com.google.leetcode.Solution.solve(Solution.java:26)
	at com.google.leetcode.Solution.solve(Solution.java:26)
	at com.google.leetcode.Solution.solve(Solution.java:26)
	at com.google.leetcode.Solution.solve(Solution.java:26)
	at com.google.leetcode.Solution.solve(Solution.java:26)
	at com.google.leetcode.Solution.solve(Solution.java:26)
	at com.google.leetcode.Solution.solve(Solution.java:26)
	at com.google.leetcode.Solution.solve(Solution.java:26)
	at com.google.leetcode.Solution.solve(Solution.java:26)
	at com.google.leetcode.Solution.solve(Solution.java:26)
	at com.google.leetcode.Solution.solve(Solution.java:26)
	at com.google.leetcode.Solution.solve(Solution.java:26)
	at com.google.leetcode.Solution.solve(Solution.java:26)
	at com.google.leetcode.Solution.solve(Solution.java:26)
	at com.google.leetcode.Solution.solve(Solution.java:26)
	at com.google.leetcode.Solution.solve(Solution.java:26)
	at com.google.leetcode.Solution.solve(Solution.java:26)
	at com.google.leetcode.Solution.solve(Solution.java:26)
	at com.google.leetcode.Solution.solve(Solution.java:26)
	at com.google.leetcode.Solution.solve(Solution.java:26)
	at com.google.leetcode.Solution.solve(Solution.java:26)
	at com.google.leetcode.Solution.solve(Solution.java:26)
	at com.google.leetcode.Solution.solve(Solution.java:26)
	at com.google.leetcode.Solution.solve(Solution.java:26)
	at com.google.leetcode.Solution.solve(Solution.java:26)
	at com.google.leetcode.Solution.solve(Solution.java:26)
	at com.google.leetcode.Solution.solve(Solution.java:26)
	at com.google.leetcode.Solution.solve(Solution.java:26)
	at com.google.leetcode.Solution.solve(Solution.java:26)
	at com.google.leetcode.Solution.solve(Solution.java:26)
	at com.google.leetcode.Solution.solve(Solution.java:26)
	at com.google.leetcode.Solution.solve(Solution.java:26)
	at com.google.leetcode.Solution.solve(Solution.java:26)
	at com.google.leetcode.Solution.solve(Solution.java:26)
	at com.google.leetcode.Solution.solve(Solution.java:26)
	at com.google.leetcode.Solution.solve(Solution.java:26)
	at com.google.leetcode.Solution.solve(Solution.java:26)
	at com.google.leetcode.Solution.solve(Solution.java:26)
	at com.google.leetcode.Solution.solve(Solution.java:26)
	at com.google.leetcode.Solution.solve(Solution.java:26)
	at com.google.leetcode.Solution.solve(Solution.java:26)
	at com.google.leetcode.Solution.solve(Solution.java:26)
	at com.google.leetcode.Solution.solve(Solution.java:26)
	at com.google.leetcode.Solution.solve(Solution.java:26)
	at com.google.leetcode.Solution.solve(Solution.java:26)
	at com.google.leetcode.Solution.solve(Solution.java:26)
	at com.google.leetcode.Solution.solve(Solution.java:26)
	at com.google.leetcode.Solution.solve(Solution.java:26)
	at com.google.leetcode.Solution.solve(Solution.java:26)
	at com.google.leetcode.Solution.solve(Solution.java:26)
	at com.google.leetcode.Solution.solve(Solution.java:26)
	at com.google.leetcode.Solution.solve(Solution.java:26)
	at com.google.leetcode.Solution.solve(Solution.java:26)
	at com.google.leetcode.Solution.solve(Solution.java:26)
	at com.google.leetcode.Solution.solve(Solution.java:26)
	at com.google.leetcode.Solution.solve(Solution.java:26)
	at com.google.leetcode.Solution.solve(Solution.java:26)
	at com.google.leetcode.Solution.solve(Solution.java:26)
	at com.google.leetcode.Solution.solve(Solution.java:26)
	at com.google.leetcode.Solution.solve(Solution.java:26)
	at com.google.leetcode.Solution.solve(Solution.java:26)
	at com.google.leetcode.Solution.solve(Solution.java:26)
	at com.google.leetcode.Solution.solve(Solution.java:26)
	at com.google.leetcode.Solution.solve(Solution.java:26)
	at com.google.leetcode.Solution.solve(Solution.java:26)
	at com.google.leetcode.Solution.solve(Solution.java:26)
	at com.google.leetcode.Solution.solve(Solution.java:26)
	at com.google.leetcode.Solution.solve(Solution.java:26)
	at com.google.leetcode.Solution.solve(Solution.java:26)
	at com.google.leetcode.Solution.solve(Solution.java:26)
	at com.google.leetcode.Solution.solve(Solution.java:26)
	at com.google.leetcode.Solution.solve(Solution.java:26)
	at com.google.leetcode.Solution.solve(Solution.java:26)
	at com.google.leetcode.Solution.solve(Solution.java:26)
	at com.google.leetcode.Solution.solve(Solution.java:26)
	at com.google.leetcode.Solution.solve(Solution.java:26)
	at com.google.leetcode.Solution.solve(Solution.java:26)
	at com.google.leetcode.Solution.solve(Solution.java:26)
	at com.google.leetcode.Solution.solve(Solution.java:26)
	at com.google.leetcode.Solution.solve(Solution.java:26)
	at com.google.leetcode.Solution.solve(Solution.java:26)
	at com.google.leetcode.Solution.solve(Solution.java:26)
	at com.google.leetcode.Solution.solve(Solution.java:26)
	at com.google.leetcode.Solution.solve(Solution.java:26)
	at com.google.leetcode.Solution.solve(Solution.java:26)
	at com.google.leetcode.Solution.solve(Solution.java:26)
	at com.google.leetcode.Solution.solve(Solution.java:26)
	at com.google.leetcode.Solution.solve(Solution.java:26)
	at com.google.leetcode.Solution.solve(Solution.java:26)
	at com.google.leetcode.Solution.solve(Solution.java:26)
	at com.google.leetcode.Solution.solve(Solution.java:26)
	at com.google.leetcode.Solution.solve(Solution.java:26)
	at com.google.leetcode.Solution.solve(Solution.java:26)
	at com.google.leetcode.Solution.solve(Solution.java:26)
	at com.google.leetcode.Solution.solve(Solution.java:26)
	at com.google.leetcode.Solution.solve(Solution.java:26)
	at com.google.leetcode.Solution.solve(Solution.java:26)
	at com.google.leetcode.Solution.solve(Solution.java:26)
	at com.google.leetcode.Solution.solve(Solution.java:26)
	at com.google.leetcode.Solution.solve(Solution.java:26)
	at com.google.leetcode.Solution.solve(Solution.java:26)
	at com.google.leetcode.Solution.solve(Solution.java:26)
	at com.google.leetcode.Solution.solve(Solution.java:26)
	at com.google.leetcode.Solution.solve(Solution.java:26)
	at com.google.leetcode.Solution.solve(Solution.java:26)
	at com.google.leetcode.Solution.solve(Solution.java:26)
	at com.google.leetcode.Solution.solve(Solution.java:26)
	at com.google.leetcode.Solution.solve(Solution.java:26)
	at com.google.leetcode.Solution.solve(Solution.java:26)
	at com.google.leetcode.Solution.solve(Solution.java:26)
	at com.google.leetcode.Solution.solve(Solution.java:26)
	at com.google.leetcode.Solution.solve(Solution.java:26)
	at com.google.leetcode.Solution.solve(Solution.java:26)
	at com.google.leetcode.Solution.solve(Solution.java:26)
	at com.google.leetcode.Solution.solve(Solution.java:26)
	at com.google.leetcode.Solution.solve(Solution.java:26)
	at com.google.leetcode.Solution.solve(Solution.java:26)
	at com.google.leetcode.Solution.solve(Solution.java:26)
	at com.google.leetcode.Solution.solve(Solution.java:26)
	at com.google.leetcode.Solution.solve(Solution.java:26)
	at com.google.leetcode.Solution.solve(Solution.java:26)
	at com.google.leetcode.Solution.solve(Solution.java:26)
	at com.google.leetcode.Solution.solve(Solution.java:26)
	at com.google.leetcode.Solution.solve(Solution.java:26)
	at com.google.leetcode.Solution.solve(Solution.java:26)
	at com.google.leetcode.Solution.solve(Solution.java:26)
	at com.google.leetcode.Solution.solve(Solution.java:26)
	at com.google.leetcode.Solution.solve(Solution.java:26)
	at com.google.leetcode.Solution.solve(Solution.java:26)
	at com.google.leetcode.Solution.solve(Solution.java:26)
	at com.google.leetcode.Solution.solve(Solution.java:26)
	at com.google.leetcode.Solution.solve(Solution.java:26)
	at com.google.leetcode.Solution.solve(Solution.java:26)
	at com.google.leetcode.Solution.solve(Solution.java:26)
	at com.google.leetcode.Solution.solve(Solution.java:26)
	at com.google.leetcode.Solution.solve(Solution.java:26)
	at com.google.leetcode.Solution.solve(Solution.java:26)
	at com.google.leetcode.Solution.solve(Solution.java:26)
	at com.google.leetcode.Solution.solve(Solution.java:26)
	at com.google.leetcode.Solution.solve(Solution.java:26)
	at com.google.leetcode.Solution.solve(Solution.java:26)
	at com.google.leetcode.Solution.solve(Solution.java:26)
	at com.google.leetcode.Solution.solve(Solution.java:26)
	at com.google.leetcode.Solution.solve(Solution.java:26)
	at com.google.leetcode.Solution.solve(Solution.java:26)
	at com.google.leetcode.Solution.solve(Solution.java:26)
	at com.google.leetcode.Solution.solve(Solution.java:26)
	at com.google.leetcode.Solution.solve(Solution.java:26)
	at com.google.leetcode.Solution.solve(Solution.java:26)
	at com.google.leetcode.Solution.solve(Solution.java:26)
	at com.google.leetcode.Solution.solve(Solution.java:26)
	at com.google.leetcode.Solution.solve(Solution.java:26)
	at com.google.leetcode.Solution.solve(Solution.java:26)
	at com.google.leetcode.Solution.solve(Solution.java:26)
	at com.google.leetcode.Solution.solve(Solution.java:26)
	at com.google.leetcode.Solution.solve(Solution.java:26)
	at com.google.leetcode.Solution.solve(Solution.java:26)
	at com.google.leetcode.Solution.solve(Solution.java:26)
	at com.google.leetcode.Solution.solve(Solution.java:26)
	at com.google.leetcode.Solution.solve(Solution.java:26)
	at com.google.leetcode.Solution.solve(Solution.java:26)
	at com.google.leetcode.Solution.solve(Solution.java:26)
	at com.google.leetcode.Solution.solve(Solution.java:26)
	at com.google.leetcode.Solution.solve(Solution.java:26)
	at com.google.leetcode.Solution.solve(Solution.java:26)
	at com.google.leetcode.Solution.solve(Solution.java:26)
	at com.google.leetcode.Solution.solve(Solution.java:26)
	at com.google.leetcode.Solution.solve(Solution.java:26)
	at com.google.leetcode.Solution.solve(Solution.java:26)
	at com.google.leetcode.Solution.solve(Solution.java:26)
	at com.google.leetcode.Solution.solve(Solution.java:26)
	at com.google.leetcode.Solution.solve(Solution.java:26)
	at com.google.leetcode.Solution.solve(Solution.java:26)
	at com.google.leetcode.Solution.solve(Solution.java:26)
	at com.google.leetcode.Solution.solve(Solution.java:26)
	at com.google.leetcode.Solution.solve(Solution.java:26)
	at com.google.leetcode.Solution.solve(Solution.java:26)
	at com.google.leetcode.Solution.solve(Solution.java:26)
	at com.google.leetcode.Solution.solve(Solution.java:26)
	at com.google.leetcode.Solution.solve(Solution.java:26)
	at com.google.leetcode.Solution.solve(Solution.java:26)
	at com.google.leetcode.Solution.solve(Solution.java:26)
	at com.google.leetcode.Solution.solve(Solution.java:26)
	at com.google.leetcode.Solution.solve(Solution.java:26)
	at com.google.leetcode.Solution.solve(Solution.java:26)
	at com.google.leetcode.Solution.solve(Solution.java:26)
	at com.google.leetcode.Solution.solve(Solution.java:26)
	at com.google.leetcode.Solution.solve(Solution.java:26)
	at com.google.leetcode.Solution.solve(Solution.java:26)
	at com.google.leetcode.Solution.solve(Solution.java:26)
	at com.google.leetcode.Solution.solve(Solution.java:26)
	at com.google.leetcode.Solution.solve(Solution.java:26)
	at com.google.leetcode.Solution.solve(Solution.java:26)
	at com.google.leetcode.Solution.solve(Solution.java:26)
	at com.google.leetcode.Solution.solve(Solution.java:26)
	at com.google.leetcode.Solution.solve(Solution.java:26)
	at com.google.leetcode.Solution.solve(Solution.java:26)
	at com.google.leetcode.Solution.solve(Solution.java:26)
	at com.google.leetcode.Solution.solve(Solution.java:26)
	at com.google.leetcode.Solution.solve(Solution.java:26)
	at com.google.leetcode.Solution.solve(Solution.java:26)
	at com.google.leetcode.Solution.solve(Solution.java:26)
	at com.google.leetcode.Solution.solve(Solution.java:26)
	at com.google.leetcode.Solution.solve(Solution.java:26)
	at com.google.leetcode.Solution.solve(Solution.java:26)
	at com.google.leetcode.Solution.solve(Solution.java:26)
	at com.google.leetcode.Solution.solve(Solution.java:26)
	at com.google.leetcode.Solution.solve(Solution.java:26)
	at com.google.leetcode.Solution.solve(Solution.java:26)
	at com.google.leetcode.Solution.solve(Solution.java:26)
	at com.google.leetcode.Solution.solve(Solution.java:26)
	at com.google.leetcode.Solution.solve(Solution.java:26)
	at com.google.leetcode.Solution.solve(Solution.java:26)
	at com.google.leetcode.Solution.solve(Solution.java:26)
	at com.google.leetcode.Solution.solve(Solution.java:26)
	at com.google.leetcode.Solution.solve(Solution.java:26)
	at com.google.leetcode.Solution.solve(Solution.java:26)
	at com.google.leetcode.Solution.solve(Solution.java:26)
	at com.google.leetcode.Solution.solve(Solution.java:26)
	at com.google.leetcode.Solution.solve(Solution.java:26)
	at com.google.leetcode.Solution.solve(Solution.java:26)
	at com.google.leetcode.Solution.solve(Solution.java:26)
	at com.google.leetcode.Solution.solve(Solution.java:26)
	at com.google.leetcode.Solution.solve(Solution.java:26)
	at com.google.leetcode.Solution.solve(Solution.java:26)
	at com.google.leetcode.Solution.solve(Solution.java:26)
	at com.google.leetcode.Solution.solve(Solution.java:26)
	at com.google.leetcode.Solution.solve(Solution.java:26)
	at com.google.leetcode.Solution.solve(Solution.java:26)
	at com.google.leetcode.Solution.solve(Solution.java:26)
	at com.google.leetcode.Solution.solve(Solution.java:26)
	at com.google.leetcode.Solution.solve(Solution.java:26)
	at com.google.leetcode.Solution.solve(Solution.java:26)
	at com.google.leetcode.Solution.solve(Solution.java:26)
	at com.google.leetcode.Solution.solve(Solution.java:26)
	at com.google.leetcode.Solution.solve(Solution.java:26)
	at com.google.leetcode.Solution.solve(Solution.java:26)
	at com.google.leetcode.Solution.solve(Solution.java:26)
	at com.google.leetcode.Solution.solve(Solution.java:26)
	at com.google.leetcode.Solution.solve(Solution.java:26)
	at com.google.leetcode.Solution.solve(Solution.java:26)
	at com.google.leetcode.Solution.solve(Solution.java:26)
	at com.google.leetcode.Solution.solve(Solution.java:26)
	at com.google.leetcode.Solution.solve(Solution.java:26)
	at com.google.leetcode.Solution.solve(Solution.java:26)
	at com.google.leetcode.Solution.solve(Solution.java:26)
	at com.google.leetcode.Solution.solve(Solution.java:26)
	at com.google.leetcode.Solution.solve(Solution.java:26)
	at com.google.leetcode.Solution.solve(Solution.java:26)
	at com.google.leetcode.Solution.solve(Solution.java:26)
	at com.google.leetcode.Solution.solve(Solution.java:26)
	at com.google.leetcode.Solution.solve(Solution.java:26)
	at com.google.leetcode.Solution.solve(Solution.java:26)
	at com.google.leetcode.Solution.solve(Solution.java:26)
	at com.google.leetcode.Solution.solve(Solution.java:26)
	at com.google.leetcode.Solution.solve(Solution.java:26)
	at com.google.leetcode.Solution.solve(Solution.java:26)
	at com.google.leetcode.Solution.solve(Solution.java:26)
	at com.google.leetcode.Solution.solve(Solution.java:26)
	at com.google.leetcode.Solution.solve(Solution.java:26)
	at com.google.leetcode.Solution.solve(Solution.java:26)
	at com.google.leetcode.Solution.solve(Solution.java:26)
	at com.google.leetcode.Solution.solve(Solution.java:26)
	at com.google.leetcode.Solution.solve(Solution.java:26)
	at com.google.leetcode.Solution.solve(Solution.java:26)
	at com.google.leetcode.Solution.solve(Solution.java:26)
	at com.google.leetcode.Solution.solve(Solution.java:26)
	at com.google.leetcode.Solution.solve(Solution.java:26)
	at com.google.leetcode.Solution.solve(Solution.java:26)
	at com.google.leetcode.Solution.solve(Solution.java:26)
	at com.google.leetcode.Solution.solve(Solution.java:26)
	at com.google.leetcode.Solution.solve(Solution.java:26)
	at com.google.leetcode.Solution.solve(Solution.java:26)
	at com.google.leetcode.Solution.solve(Solution.java:26)
	at com.google.leetcode.Solution.solve(Solution.java:26)
	at com.google.leetcode.Solution.solve(Solution.java:26)
	at com.google.leetcode.Solution.solve(Solution.java:26)
	at com.google.leetcode.Solution.solve(Solution.java:26)
	at com.google.leetcode.Solution.solve(Solution.java:26)
	at com.google.leetcode.Solution.solve(Solution.java:26)
	at com.google.leetcode.Solution.solve(Solution.java:26)
	at com.google.leetcode.Solution.solve(Solution.java:26)
	at com.google.leetcode.Solution.solve(Solution.java:26)
	at com.google.leetcode.Solution.solve(Solution.java:26)
	at com.google.leetcode.Solution.solve(Solution.java:26)
	at com.google.leetcode.Solution.solve(Solution.java:26)
	at com.google.leetcode.Solution.solve(Solution.java:26)
	at com.google.leetcode.Solution.solve(Solution.java:26)
	at com.google.leetcode.Solution.solve(Solution.java:26)
	at com.google.leetcode.Solution.solve(Solution.java:26)
	at com.google.leetcode.Solution.solve(Solution.java:26)
	at com.google.leetcode.Solution.solve(Solution.java:26)
	at com.google.leetcode.Solution.solve(Solution.java:26)
	at com.google.leetcode.Solution.solve(Solution.java:26)
	at com.google.leetcode.Solution.solve(Solution.java:26)
	at com.google.leetcode.Solution.solve(Solution.java:26)
	at com.google.leetcode.Solution.solve(Solution.java:26)
	at com.google.leetcode.Solution.solve(Solution.java:26)
	at com.google.leetcode.Solution.solve(Solution.java:26)
	at com.google.leetcode.Solution.solve(Solution.java:26)
	at com.google.leetcode.Solution.solve(Solution.java:26)
	at com.google.leetcode.Solution.solve(Solution.java:26)
	at com.google.leetcode.Solution.solve(Solution.java:26)
	at com.google.leetcode.Solution.solve(Solution.java:26)
	at com.google.leetcode.Solution.solve(Solution.java:26)
	at com.google.leetcode.Solution.solve(Solution.java:26)
	at com.google.leetcode.Solution.solve(Solution.java:26)
	at com.google.leetcode.Solution.solve(Solution.java:26)
	at com.google.leetcode.Solution.solve(Solution.java:26)
	at com.google.leetcode.Solution.solve(Solution.java:26)
	at com.google.leetcode.Solution.solve(Solution.java:26)
	at com.google.leetcode.Solution.solve(Solution.java:26)
	at com.google.leetcode.Solution.solve(Solution.java:26)
	at com.google.leetcode.Solution.solve(Solution.java:26)
	at com.google.leetcode.Solution.solve(Solution.java:26)
	at com.google.leetcode.Solution.solve(Solution.java:26)
	at com.google.leetcode.Solution.solve(Solution.java:26)
	at com.google.leetcode.Solution.solve(Solution.java:26)
	at com.google.leetcode.Solution.solve(Solution.java:26)
	at com.google.leetcode.Solution.solve(Solution.java:26)
	at com.google.leetcode.Solution.solve(Solution.java:26)
	at com.google.leetcode.Solution.solve(Solution.java:26)
	at com.google.leetcode.Solution.solve(Solution.java:26)
	at com.google.leetcode.Solution.solve(Solution.java:26)
	at com.google.leetcode.Solution.solve(Solution.java:26)
	at com.google.leetcode.Solution.solve(Solution.java:26)
	at com.google.leetcode.Solution.solve(Solution.java:26)
	at com.google.leetcode.Solution.solve(Solution.java:26)
	at com.google.leetcode.Solution.solve(Solution.java:26)
	at com.google.leetcode.Solution.solve(Solution.java:26)
	at com.google.leetcode.Solution.solve(Solution.java:26)
	at com.google.leetcode.Solution.solve(Solution.java:26)
	at com.google.leetcode.Solution.solve(Solution.java:26)
	at com.google.leetcode.Solution.solve(Solution.java:26)
	at com.google.leetcode.Solution.solve(Solution.java:26)
	at com.google.leetcode.Solution.solve(Solution.java:26)
	at com.google.leetcode.Solution.solve(Solution.java:26)
	at com.google.leetcode.Solution.solve(Solution.java:26)
	at com.google.leetcode.Solution.solve(Solution.java:26)
	at com.google.leetcode.Solution.solve(Solution.java:26)
	at com.google.leetcode.Solution.solve(Solution.java:26)
	at com.google.leetcode.Solution.solve(Solution.java:26)
	at com.google.leetcode.Solution.solve(Solution.java:26)
	at com.google.leetcode.Solution.solve(Solution.java:26)
	at com.google.leetcode.Solution.solve(Solution.java:26)
	at com.google.leetcode.Solution.solve(Solution.java:26)
	at com.google.leetcode.Solution.solve(Solution.java:26)
	at com.google.leetcode.Solution.solve(Solution.java:26)
	at com.google.leetcode.Solution.solve(Solution.java:26)
	at com.google.leetcode.Solution.solve(Solution.java:26)
	at com.google.leetcode.Solution.solve(Solution.java:26)
	at com.google.leetcode.Solution.solve(Solution.java:26)
	at com.google.leetcode.Solution.solve(Solution.java:26)
	at com.google.leetcode.Solution.solve(Solution.java:26)
	at com.google.leetcode.Solution.solve(Solution.java:26)
	at com.google.leetcode.Solution.solve(Solution.java:26)
	at com.google.leetcode.Solution.solve(Solution.java:26)
	at com.google.leetcode.Solution.solve(Solution.java:26)
	at com.google.leetcode.Solution.solve(Solution.java:26)
	at com.google.leetcode.Solution.solve(Solution.java:26)
	at com.google.leetcode.Solution.solve(Solution.java:26)
	at com.google.leetcode.Solution.solve(Solution.java:26)
	at com.google.leetcode.Solution.solve(Solution.java:26)
	at com.google.leetcode.Solution.solve(Solution.java:26)
	at com.google.leetcode.Solution.solve(Solution.java:26)
	at com.google.leetcode.Solution.solve(Solution.java:26)
	at com.google.leetcode.Solution.solve(Solution.java:26)
	at com.google.leetcode.Solution.solve(Solution.java:26)
	at com.google.leetcode.Solution.solve(Solution.java:26)
	at com.google.leetcode.Solution.solve(Solution.java:26)
	at com.google.leetcode.Solution.solve(Solution.java:26)
	at com.google.leetcode.Solution.solve(Solution.java:26)
	at com.google.leetcode.Solution.solve(Solution.java:26)
	at com.google.leetcode.Solution.solve(Solution.java:26)
	at com.google.leetcode.Solution.solve(Solution.java:26)
	at com.google.leetcode.Solution.solve(Solution.java:26)
	at com.google.leetcode.Solution.solve(Solution.java:26)
	at com.google.leetcode.Solution.solve(Solution.java:26)
	at com.google.leetcode.Solution.solve(Solution.java:26)
	at com.google.leetcode.Solution.solve(Solution.java:26)
	at com.google.leetcode.Solution.solve(Solution.java:26)
	at com.google.leetcode.Solution.solve(Solution.java:26)
	at com.google.leetcode.Solution.solve(Solution.java:26)
	at com.google.leetcode.Solution.solve(Solution.java:26)
	at com.google.leetcode.Solution.solve(Solution.java:26)
	at com.google.leetcode.Solution.solve(Solution.java:26)
	at com.google.leetcode.Solution.solve(Solution.java:26)
	at com.google.leetcode.Solution.solve(Solution.java:26)
	at com.google.leetcode.Solution.solve(Solution.java:26)
	at com.google.leetcode.Solution.solve(Solution.java:26)
	at com.google.leetcode.Solution.solve(Solution.java:26)
	at com.google.leetcode.Solution.solve(Solution.java:26)
	at com.google.leetcode.Solution.solve(Solution.java:26)
	at com.google.leetcode.Solution.solve(Solution.java:26)
	at com.google.leetcode.Solution.solve(Solution.java:26)
	at com.google.leetcode.Solution.solve(Solution.java:26)
	at com.google.leetcode.Solution.solve(Solution.java:26)
	at com.google.leetcode.Solution.solve(Solution.java:26)
	at com.google.leetcode.Solution.solve(Solution.java:26)
	at com.google.leetcode.Solution.solve(Solution.java:26)
	at com.google.leetcode.Solution.solve(Solution.java:26)
	at com.google.leetcode.Solution.solve(Solution.java:26)
	at com.google.leetcode.Solution.solve(Solution.java:26)
	at com.google.leetcode.Solution.solve(Solution.java:26)
	at com.google.leetcode.Solution.solve(Solution.java:26)
	at com.google.leetcode.Solution.solve(Solution.java:26)
	at com.google.leetcode.Solution.solve(Solution.java:26)
	at com.google.leetcode.Solution.solve(Solution.java:26)
	at com.google.leetcode.Solution.solve(Solution.java:26)
	at com.google.leetcode.Solution.solve(Solution.java:26)
	at com.google.leetcode.Solution.solve(Solution.java:26)
	at com.google.leetcode.Solution.solve(Solution.java:26)
	at com.google.leetcode.Solution.solve(Solution.java:26)
	at com.google.leetcode.Solution.solve(Solution.java:26)
	at com.google.leetcode.Solution.solve(Solution.java:26)
	at com.google.leetcode.Solution.solve(Solution.java:26)
	at com.google.leetcode.Solution.solve(Solution.java:26)
	at com.google.leetcode.Solution.solve(Solution.java:26)
	at com.google.leetcode.Solution.solve(Solution.java:26)
	at com.google.leetcode.Solution.solve(Solution.java:26)
	at com.google.leetcode.Solution.solve(Solution.java:26)
	at com.google.leetcode.Solution.solve(Solution.java:26)
	at com.google.leetcode.Solution.solve(Solution.java:26)
	at com.google.leetcode.Solution.solve(Solution.java:26)
	at com.google.leetcode.Solution.solve(Solution.java:26)
	at com.google.leetcode.Solution.solve(Solution.java:26)
	at com.google.leetcode.Solution.solve(Solution.java:26)
	at com.google.leetcode.Solution.solve(Solution.java:26)
	at com.google.leetcode.Solution.solve(Solution.java:26)
	at com.google.leetcode.Solution.solve(Solution.java:26)
	at com.google.leetcode.Solution.solve(Solution.java:26)
	at com.google.leetcode.Solution.solve(Solution.java:26)
	at com.google.leetcode.Solution.solve(Solution.java:26)
	at com.google.leetcode.Solution.solve(Solution.java:26)
	at com.google.leetcode.Solution.solve(Solution.java:26)
	at com.google.leetcode.Solution.solve(Solution.java:26)
	at com.google.leetcode.Solution.solve(Solution.java:26)
	at com.google.leetcode.Solution.solve(Solution.java:26)
	at com.google.leetcode.Solution.solve(Solution.java:26)
	at com.google.leetcode.Solution.solve(Solution.java:26)
	at com.google.leetcode.Solution.solve(Solution.java:26)
	at com.google.leetcode.Solution.solve(Solution.java:26)
	at com.google.leetcode.Solution.solve(Solution.java:26)
	at com.google.leetcode.Solution.solve(Solution.java:26)
	at com.google.leetcode.Solution.solve(Solution.java:26)
	at com.google.leetcode.Solution.solve(Solution.java:26)
	at com.google.leetcode.Solution.solve(Solution.java:26)
	at com.google.leetcode.Solution.solve(Solution.java:26)
	at com.google.leetcode.Solution.solve(Solution.java:26)
	at com.google.leetcode.Solution.solve(Solution.java:26)
	at com.google.leetcode.Solution.solve(Solution.java:26)
	at com.google.leetcode.Solution.solve(Solution.java:26)
	at com.google.leetcode.Solution.solve(Solution.java:26)
	at com.google.leetcode.Solution.solve(Solution.java:26)
	at com.google.leetcode.Solution.solve(Solution.java:26)
	at com.google.leetcode.Solution.solve(Solution.java:26)
	at com.google.leetcode.Solution.solve(Solution.java:26)
	at com.google.leetcode.Solution.solve(Solution.java:26)
	at com.google.leetcode.Solution.solve(Solution.java:26)
	at com.google.leetcode.Solution.solve(Solution.java:26)
	at com.google.leetcode.Solution.solve(Solution.java:26)
	at com.google.leetcode.Solution.solve(Solution.java:26)
	at com.google.leetcode.Solution.solve(Solution.java:26)
	at com.google.leetcode.Solution.solve(Solution.java:26)
	at com.google.leetcode.Solution.solve(Solution.java:26)
	at com.google.leetcode.Solution.solve(Solution.java:26)
	at com.google.leetcode.Solution.solve(Solution.java:26)
	at com.google.leetcode.Solution.solve(Solution.java:26)
	at com.google.leetcode.Solution.solve(Solution.java:26)
	at com.google.leetcode.Solution.solve(Solution.java:26)
	at com.google.leetcode.Solution.solve(Solution.java:26)
	at com.google.leetcode.Solution.solve(Solution.java:26)
	at com.google.leetcode.Solution.solve(Solution.java:26)
	at com.google.leetcode.Solution.solve(Solution.java:26)
	at com.google.leetcode.Solution.solve(Solution.java:26)
	at com.google.leetcode.Solution.solve(Solution.java:26)
	at com.google.leetcode.Solution.solve(Solution.java:26)
	at com.google.leetcode.Solution.solve(Solution.java:26)
	at com.google.leetcode.Solution.solve(Solution.java:26)
	at com.google.leetcode.Solution.solve(Solution.java:26)
	at com.google.leetcode.Solution.solve(Solution.java:26)
	at com.google.leetcode.Solution.solve(Solution.java:26)
	at com.google.leetcode.Solution.solve(Solution.java:26)
	at com.google.leetcode.Solution.solve(Solution.java:26)
	at com.google.leetcode.Solution.solve(Solution.java:26)
	at com.google.leetcode.Solution.solve(Solution.java:26)
	at com.google.leetcode.Solution.solve(Solution.java:26)
	at com.google.leetcode.Solution.solve(Solution.java:26)
	at com.google.leetcode.Solution.solve(Solution.java:26)
	at com.google.leetcode.Solution.solve(Solution.java:26)
	at com.google.leetcode.Solution.solve(Solution.java:26)
	at com.google.leetcode.Solution.solve(Solution.java:26)
	at com.google.leetcode.Solution.solve(Solution.java:26)
	at com.google.leetcode.Solution.solve(Solution.java:26)
	at com.google.leetcode.Solution.solve(Solution.java:26)
	at com.google.leetcode.Solution.solve(Solution.java:26)
	at com.google.leetcode.Solution.solve(Solution.java:26)
	at com.google.leetcode.Solution.solve(Solution.java:26)
	at com.google.leetcode.Solution.solve(Solution.java:26)
	at com.google.leetcode.Solution.solve(Solution.java:26)
	at com.google.leetcode.Solution.solve(Solution.java:26)
	at com.google.leetcode.Solution.solve(Solution.java:26)
	at com.google.leetcode.Solution.solve(Solution.java:26)
	at com.google.leetcode.Solution.solve(Solution.java:26)
	at com.google.leetcode.Solution.solve(Solution.java:26)
	at com.google.leetcode.Solution.solve(Solution.java:26)
	at com.google.leetcode.Solution.solve(Solution.java:26)
	at com.google.leetcode.Solution.solve(Solution.java:26)
	at com.google.leetcode.Solution.solve(Solution.java:26)
	at com.google.leetcode.Solution.solve(Solution.java:26)
	at com.google.leetcode.Solution.solve(Solution.java:26)
	at com.google.leetcode.Solution.solve(Solution.java:26)
	at com.google.leetcode.Solution.solve(Solution.java:26)
	at com.google.leetcode.Solution.solve(Solution.java:26)
	at com.google.leetcode.Solution.solve(Solution.java:26)
	at com.google.leetcode.Solution.solve(Solution.java:26)
	at com.google.leetcode.Solution.solve(Solution.java:26)
	at com.google.leetcode.Solution.solve(Solution.java:26)
	at com.google.leetcode.Solution.solve(Solution.java:26)
	at com.google.leetcode.Solution.solve(Solution.java:26)
	at com.google.leetcode.Solution.solve(Solution.java:26)
	at com.google.leetcode.Solution.solve(Solution.java:26)
	at com.google.leetcode.Solution.solve(Solution.java:26)
	at com.google.leetcode.Solution.solve(Solution.java:26)
	at com.google.leetcode.Solution.solve(Solution.java:26)
	at com.google.leetcode.Solution.solve(Solution.java:26)
	at com.google.leetcode.Solution.solve(Solution.java:26)
	at com.google.leetcode.Solution.solve(Solution.java:26)
	at com.google.leetcode.Solution.solve(Solution.java:26)
	at com.google.leetcode.Solution.solve(Solution.java:26)
	at com.google.leetcode.Solution.solve(Solution.java:26)
	at com.google.leetcode.Solution.solve(Solution.java:26)
	at com.google.leetcode.Solution.solve(Solution.java:26)
	at com.google.leetcode.Solution.solve(Solution.java:26)
	at com.google.leetcode.Solution.solve(Solution.java:26)
	at com.google.leetcode.Solution.solve(Solution.java:26)
	at com.google.leetcode.Solution.solve(Solution.java:26)
	at com.google.leetcode.Solution.solve(Solution.java:26)
	at com.google.leetcode.Solution.solve(Solution.java:26)
	at com.google.leetcode.Solution.solve(Solution.java:26)
	at com.google.leetcode.Solution.solve(Solution.java:26)
	at com.google.leetcode.Solution.solve(Solution.java:26)
	at com.google.leetcode.Solution.solve(Solution.java:26)
	at com.google.leetcode.Solution.solve(Solution.java:26)
	at com.google.leetcode.Solution.solve(Solution.java:26)
	at com.google.leetcode.Solution.solve(Solution.java:26)
	at com.google.leetcode.Solution.solve(Solution.java:26)
	at com.google.leetcode.Solution.solve(Solution.java:26)
	at com.google.leetcode.Solution.solve(Solution.java:26)
	at com.google.leetcode.Solution.solve(Solution.java:26)
	at com.google.leetcode.Solution.solve(Solution.java:26)
	at com.google.leetcode.Solution.solve(Solution.java:26)
	at com.google.leetcode.Solution.solve(Solution.java:26)
	at com.google.leetcode.Solution.solve(Solution.java:26)
	at com.google.leetcode.Solution.solve(Solution.java:26)
	at com.google.leetcode.Solution.solve(Solution.java:26)
	at com.google.leetcode.Solution.solve(Solution.java:26)
	at com.google.leetcode.Solution.solve(Solution.java:26)
	at com.google.leetcode.Solution.solve(Solution.java:26)
	at com.google.leetcode.Solution.solve(Solution.java:26)
	at com.google.leetcode.Solution.solve(Solution.java:26)
	at com.google.leetcode.Solution.solve(Solution.java:26)
	at com.google.leetcode.Solution.solve(Solution.java:26)
	at com.google.leetcode.Solution.solve(Solution.java:26)
	at com.google.leetcode.Solution.solve(Solution.java:26)
	at com.google.leetcode.Solution.solve(Solution.java:26)
	at com.google.leetcode.Solution.solve(Solution.java:26)
	at com.google.leetcode.Solution.solve(Solution.java:26)
	at com.google.leetcode.Solution.solve(Solution.java:26)
	at com.google.leetcode.Solution.solve(Solution.java:26)
	at com.google.leetcode.Solution.solve(Solution.java:26)
	at com.google.leetcode.Solution.solve(Solution.java:26)
	at com.google.leetcode.Solution.solve(Solution.java:26)
	at com.google.leetcode.Solution.solve(Solution.java:26)
	at com.google.leetcode.Solution.solve(Solution.java:26)
	at com.google.leetcode.Solution.solve(Solution.java:26)
	at com.google.leetcode.Solution.solve(Solution.java:26)
	at com.google.leetcode.Solution.solve(Solution.java:26)
	at com.google.leetcode.Solution.solve(Solution.java:26)
	at com.google.leetcode.Solution.solve(Solution.java:26)
	at com.google.leetcode.Solution.solve(Solution.java:26)
	at com.google.leetcode.Solution.solve(Solution.java:26)
	at com.google.leetcode.Solution.solve(Solution.java:26)
	at com.google.leetcode.Solution.solve(Solution.java:26)
	at com.google.leetcode.Solution.solve(Solution.java:26)
	at com.google.leetcode.Solution.solve(Solution.java:26)
	at com.google.leetcode.Solution.solve(Solution.java:26)
	at com.google.leetcode.Solution.solve(Solution.java:26)
	at com.google.leetcode.Solution.solve(Solution.java:26)
	at com.google.leetcode.Solution.solve(Solution.java:26)
	at com.google.leetcode.Solution.solve(Solution.java:26)
	at com.google.leetcode.Solution.solve(Solution.java:26)
	at com.google.leetcode.Solution.solve(Solution.java:26)
	at com.google.leetcode.Solution.solve(Solution.java:26)
	at com.google.leetcode.Solution.solve(Solution.java:26)
	at com.google.leetcode.Solution.solve(Solution.java:26)
	at com.google.leetcode.Solution.solve(Solution.java:26)
	at com.google.leetcode.Solution.solve(Solution.java:26)
	at com.google.leetcode.Solution.solve(Solution.java:26)
	at com.google.leetcode.Solution.solve(Solution.java:26)
	at com.google.leetcode.Solution.solve(Solution.java:26)
	at com.google.leetcode.Solution.solve(Solution.java:26)
	at com.google.leetcode.Solution.solve(Solution.java:26)
	at com.google.leetcode.Solution.solve(Solution.java:26)
	at com.google.leetcode.Solution.solve(Solution.java:26)
	at com.google.leetcode.Solution.solve(Solution.java:26)
	at com.google.leetcode.Solution.solve(Solution.java:26)
	at com.google.leetcode.Solution.solve(Solution.java:26)
	at com.google.leetcode.Solution.solve(Solution.java:26)
	at com.google.leetcode.Solution.solve(Solution.java:26)
	at com.google.leetcode.Solution.solve(Solution.java:26)
	at com.google.leetcode.Solution.solve(Solution.java:26)
	at com.google.leetcode.Solution.solve(Solution.java:26)
	at com.google.leetcode.Solution.solve(Solution.java:26)
	at com.google.leetcode.Solution.solve(Solution.java:26)
	at com.google.leetcode.Solution.solve(Solution.java:26)
	at com.google.leetcode.Solution.solve(Solution.java:26)
	at com.google.leetcode.Solution.solve(Solution.java:26)
	at com.google.leetcode.Solution.solve(Solution.java:26)
	at com.google.leetcode.Solution.solve(Solution.java:26)
	at com.google.leetcode.Solution.solve(Solution.java:26)
	at com.google.leetcode.Solution.solve(Solution.java:26)
	at com.google.leetcode.Solution.solve(Solution.java:26)
	at com.google.leetcode.Solution.solve(Solution.java:26)
	at com.google.leetcode.Solution.solve(Solution.java:26)
	at com.google.leetcode.Solution.solve(Solution.java:26)
	at com.google.leetcode.Solution.solve(Solution.java:26)
	at com.google.leetcode.Solution.solve(Solution.java:26)
	at com.google.leetcode.Solution.solve(Solution.java:26)
	at com.google.leetcode.Solution.solve(Solution.java:26)
	at com.google.leetcode.Solution.solve(Solution.java:26)
	at com.google.leetcode.Solution.solve(Solution.java:26)
	at com.google.leetcode.Solution.solve(Solution.java:26)
	at com.google.leetcode.Solution.solve(Solution.java:26)
	at com.google.leetcode.Solution.solve(Solution.java:26)
	at com.google.leetcode.Solution.solve(Solution.java:26)
	at com.google.leetcode.Solution.solve(Solution.java:26)
	at com.google.leetcode.Solution.solve(Solution.java:26)
	at com.google.leetcode.Solution.solve(Solution.java:26)
	at com.google.leetcode.Solution.solve(Solution.java:26)
	at com.google.leetcode.Solution.solve(Solution.java:26)
	at com.google.leetcode.Solution.solve(Solution.java:26)
	at com.google.leetcode.Solution.solve(Solution.java:26)
	at com.google.leetcode.Solution.solve(Solution.java:26)
	at com.google.leetcode.Solution.solve(Solution.java:26)
	at com.google.leetcode.Solution.solve(Solution.java:26)
	at com.google.leetcode.Solution.solve(Solution.java:26)
	at com.google.leetcode.Solution.solve(Solution.java:26)
	at com.google.leetcode.Solution.solve(Solution.java:26)
	at com.google.leetcode.Solution.solve(Solution.java:26)
	at com.google.leetcode.Solution.solve(Solution.java:26)
	at com.google.leetcode.Solution.solve(Solution.java:26)
	at com.google.leetcode.Solution.solve(Solution.java:26)
	at com.google.leetcode.Solution.solve(Solution.java:26)
	at com.google.leetcode.Solution.solve(Solution.java:26)
	at com.google.leetcode.Solution.solve(Solution.java:26)
	at com.google.leetcode.Solution.solve(Solution.java:26)
	at com.google.leetcode.Solution.solve(Solution.java:26)
	at com.google.leetcode.Solution.solve(Solution.java:26)
	at com.google.leetcode.Solution.solve(Solution.java:26)
	at com.google.leetcode.Solution.solve(Solution.java:26)
	at com.google.leetcode.Solution.solve(Solution.java:26)
	at com.google.leetcode.Solution.solve(Solution.java:26)
	at com.google.leetcode.Solution.solve(Solution.java:26)
	at com.google.leetcode.Solution.solve(Solution.java:26)
	at com.google.leetcode.Solution.solve(Solution.java:26)
	at com.google.leetcode.Solution.solve(Solution.java:26)
	at com.google.leetcode.Solution.solve(Solution.java:26)
	at com.google.leetcode.Solution.solve(Solution.java:26)
	at com.google.leetcode.Solution.solve(Solution.java:26)
	at com.google.leetcode.Solution.solve(Solution.java:26)
	at com.google.leetcode.Solution.solve(Solution.java:26)
	at com.google.leetcode.Solution.solve(Solution.java:26)
	at com.google.leetcode.Solution.solve(Solution.java:26)
	at com.google.leetcode.Solution.solve(Solution.java:26)
	at com.google.leetcode.Solution.solve(Solution.java:26)
	at com.google.leetcode.Solution.solve(Solution.java:26)
	at com.google.leetcode.Solution.solve(Solution.java:26)
	at com.google.leetcode.Solution.solve(Solution.java:26)
	at com.google.leetcode.Solution.solve(Solution.java:26)
	at com.google.leetcode.Solution.solve(Solution.java:26)
	at com.google.leetcode.Solution.solve(Solution.java:26)
	at com.google.leetcode.Solution.solve(Solution.java:26)
	at com.google.leetcode.Solution.solve(Solution.java:26)
	at com.google.leetcode.Solution.solve(Solution.java:26)
	at com.google.leetcode.Solution.solve(Solution.java:26)
	at com.google.leetcode.Solution.solve(Solution.java:26)
	at com.google.leetcode.Solution.solve(Solution.java:26)
	at com.google.leetcode.Solution.solve(Solution.java:26)
	at com.google.leetcode.Solution.solve(Solution.java:26)
	at com.google.leetcode.Solution.solve(Solution.java:26)
	at com.google.leetcode.Solution.solve(Solution.java:26)
	at com.google.leetcode.Solution.solve(Solution.java:26)
	at com.google.leetcode.Solution.solve(Solution.java:26)
	at com.google.leetcode.Solution.solve(Solution.java:26)
</failure>
  </testcase>
  <system-out><![CDATA[]]></system-out>
  <system-err><![CDATA[]]></system-err>
</testsuite>
