<?xml version="1.0" encoding="UTF-8"?>
<testsuite name="com.google.test.StrategyTest" tests="1" skipped="0" failures="0" errors="0" timestamp="2021-07-04T09:35:21" hostname="FLUCKY" time="0.023">
  <properties/>
  <testcase name="testScore()" classname="com.google.test.StrategyTest" time="0.023"/>
  <system-out><![CDATA[Balloon: 30 points
Clown: 20 points
SquareBalloon: 45 points!
]]></system-out>
  <system-err><![CDATA[]]></system-err>
</testsuite>
