<?xml version="1.0" encoding="UTF-8"?>
<testsuite name="com.google.ProxyPatternTest" tests="1" skipped="0" failures="0" errors="0" timestamp="2021-10-29T02:38:44" hostname="FuckdeMacBook-Pro.local" time="0.015">
  <properties/>
  <testcase name="testProxyBank()" classname="com.google.ProxyPatternTest" time="0.015"/>
  <system-out><![CDATA[Withdraw money from ATM...
Withdraw money from real bank...

Withdraw money from real bank...
]]></system-out>
  <system-err><![CDATA[]]></system-err>
</testsuite>
